<?xml version="1.0" encoding="UTF-8"?>
<!-- Generated by org.testng.reporters.JUnitReportReporter -->
<testsuite skipped="0" hostname="del1-lhp-N01966" name="com.sohambko.qa.testcases.HomePageTest" tests="3" failures="0" timestamp="05 Aug 2020 14:25:17 GMT" time="172.832" errors="0">
  <testcase name="verifyHomePageTitleTest" time="43.934" classname="com.sohambko.qa.testcases.HomePageTest"/>
  <testcase name="verifyUserNameTest" time="53.701" classname="com.sohambko.qa.testcases.HomePageTest"/>
  <testcase name="verifyContactsLinkTest" time="75.197" classname="com.sohambko.qa.testcases.HomePageTest"/>
</testsuite> <!-- com.sohambko.qa.testcases.HomePageTest -->
