<?xml version="1.0" encoding="UTF-8"?>
<!-- Generated by org.testng.reporters.JUnitReportReporter -->
<testsuite skipped="0" hostname="del1-lhp-N01966" name="com.sohambko.qa.testcases.LoginPageTest" tests="3" failures="0" timestamp="05 Aug 2020 14:25:17 GMT" time="119.050" errors="0">
  <testcase name="verifyLoginPageTitleTest" time="40.857" classname="com.sohambko.qa.testcases.LoginPageTest"/>
  <testcase name="verifyrCmLogoImageTest" time="33.604" classname="com.sohambko.qa.testcases.LoginPageTest"/>
  <testcase name="verifyUserABleTologinTest" time="44.589" classname="com.sohambko.qa.testcases.LoginPageTest"/>
</testsuite> <!-- com.sohambko.qa.testcases.LoginPageTest -->
